<?xml version="1.0" encoding="UTF-8"?>
<!-- Generated by org.testng.reporters.JUnitReportReporter -->
<testsuite hostname="Ritiks-Mac-mini.local" failures="0" tests="1" name="checkbox" time="45.547" errors="0" timestamp="2025-09-09T11:37:08 IST" skipped="0">
  <testcase classname="checkbox" name="SelectCheckBoxes" time="45.547"/>
</testsuite> <!-- checkbox -->
