<?xml version="1.0" encoding="UTF-8"?>
<!-- Generated by org.testng.reporters.JUnitReportReporter -->
<testsuite hostname="Ritiks-Mac-mini.local" failures="0" tests="1" name="PracticeForm" time="63.488" errors="0" timestamp="2025-09-08T18:56:09 IST" skipped="0">
  <testcase classname="PracticeForm" name="Form" time="63.488"/>
</testsuite> <!-- PracticeForm -->
