<?xml version="1.0" encoding="UTF-8"?>
<!-- Generated by org.testng.reporters.JUnitReportReporter -->
<testsuite hostname="Ritiks-Mac-mini.local" failures="0" tests="1" name="FileUpload" time="11.894" errors="0" timestamp="2025-09-04T15:42:40 IST" skipped="0">
  <testcase classname="FileUpload" name="uploadFile" time="11.894"/>
</testsuite> <!-- FileUpload -->
