<?xml version="1.0" encoding="UTF-8"?>
<!-- Generated by org.testng.reporters.JUnitReportReporter -->
<testsuite hostname="Ritiks-Mac-mini.local" failures="0" tests="1" name="WebTables" time="40.705" errors="0" timestamp="2025-09-09T15:31:45 IST" skipped="0">
  <testcase classname="WebTables" name="getTableData" time="40.705"/>
</testsuite> <!-- WebTables -->
