<?xml version="1.0" encoding="UTF-8"?>
<!-- Generated by org.testng.reporters.JUnitReportReporter -->
<testsuite hostname="Ritiks-Mac-mini.local" failures="0" tests="1" name="checkbox" time="39.040" errors="0" timestamp="2025-09-09T11:25:47 IST" skipped="0">
  <testcase classname="checkbox" name="SelectCheckBoxes" time="39.040"/>
</testsuite> <!-- checkbox -->
