<?xml version="1.0" encoding="UTF-8"?>
<!-- Generated by org.testng.reporters.JUnitReportReporter -->
<testsuite hostname="Ritiks-Mac-mini.local" failures="0" tests="1" name="Linkscode" time="111.809" errors="0" timestamp="2025-09-10T15:33:56 IST" skipped="0">
  <testcase classname="Linkscode" name="BrokenLinks" time="111.809"/>
</testsuite> <!-- Linkscode -->
