<?xml version="1.0" encoding="UTF-8"?>
<!-- Generated by org.testng.reporters.JUnitReportReporter -->
<testsuite hostname="Ritiks-Mac-mini.local" failures="0" tests="1" name="GetTableData" time="12.163" errors="0" timestamp="2025-09-08T10:23:44 IST" skipped="0">
  <testcase classname="GetTableData" name="getData" time="12.163"/>
</testsuite> <!-- GetTableData -->
